Using pre-set license
Built from '2020.3/staging' branch; Version is '2020.3.23f1 (c5d91304a876) revision 12966163'; Using compiler version '192528614'; Build Type 'Release'
OS: 'Windows 10 Pro; OS build 19043.1052; Version 2009; 64bit' Language: 'it' Physical Memory: 16266 MB
BatchMode: 1, IsHumanControllingUs: 0, StartBugReporterOnCrash: 0, Is64bit: 1, IsPro: 0

COMMAND LINE ARGUMENTS:
C:\Users\simone.latin\Desktop\Progetti\3D\2020.3.23f1\Editor\Unity.exe
-adb2
-batchMode
-noUpm
-name
AssetImportWorker0
-projectPath
C:/Users/simone.latin/Desktop/Progetti/3D/Unity/Lezione 1
-logFile
Logs/AssetImportWorker0.log
-srvPort
59996
Successfully changed project path to: C:/Users/simone.latin/Desktop/Progetti/3D/Unity/Lezione 1
C:/Users/simone.latin/Desktop/Progetti/3D/Unity/Lezione 1
Using Asset Import Pipeline V2.
Refreshing native plugins compatible for Editor in 80.11 ms, found 10 plugins.
Preloading 1 native plugins for Editor in 1.08 ms.
Initialize engine version: 2020.3.23f1 (c5d91304a876)
[Subsystems] Discovering subsystems at path C:/Users/simone.latin/Desktop/Progetti/3D/2020.3.23f1/Editor/Data/Resources/UnitySubsystems
[Subsystems] Discovering subsystems at path C:/Users/simone.latin/Desktop/Progetti/3D/Unity/Lezione 1/Assets
GfxDevice: creating device client; threaded=0
Direct3D:
    Version:  Direct3D 11.0 [level 11.1]
    Renderer: Intel(R) HD Graphics 530 (ID=0x1912)
    Vendor:   
    VRAM:     8133 MB
    Driver:   26.20.100.7263
Initialize mono
Mono path[0] = 'C:/Users/simone.latin/Desktop/Progetti/3D/2020.3.23f1/Editor/Data/Managed'
Mono path[1] = 'C:/Users/simone.latin/Desktop/Progetti/3D/2020.3.23f1/Editor/Data/MonoBleedingEdge/lib/mono/unityjit'
Mono config path = 'C:/Users/simone.latin/Desktop/Progetti/3D/2020.3.23f1/Editor/Data/MonoBleedingEdge/etc'
Using monoOptions --debugger-agent=transport=dt_socket,embedding=1,server=y,suspend=n,address=127.0.0.1:56256
Begin MonoManager ReloadAssembly
Registering precompiled unity dll's ...
Register platform support module: C:/Users/simone.latin/Desktop/Progetti/3D/2020.3.23f1/Editor/Data/PlaybackEngines/WebGLSupport/UnityEditor.WebGL.Extensions.dll
Register platform support module: C:/Users/simone.latin/Desktop/Progetti/3D/2020.3.23f1/Editor/Data/PlaybackEngines/WindowsStandaloneSupport/UnityEditor.WindowsStandalone.Extensions.dll
Registered in 0.003706 seconds.
Native extension for WindowsStandalone target not found
Native extension for WebGL target not found
Refreshing native plugins compatible for Editor in 55.36 ms, found 10 plugins.
Preloading 1 native plugins for Editor in 0.10 ms.
Mono: successfully reloaded assembly
- Completed reload, in  0.924 seconds
Domain Reload Profiling:
	ReloadAssembly (925ms)
		BeginReloadAssembly (77ms)
			ExecutionOrderSort (0ms)
			DisableScriptedObjects (0ms)
			BackupInstance (0ms)
			ReleaseScriptingObjects (0ms)
			CreateAndSetChildDomain (1ms)
		EndReloadAssembly (661ms)
			LoadAssemblies (76ms)
			RebuildTransferFunctionScriptingTraits (0ms)
			SetupTypeCache (213ms)
			ReleaseScriptCaches (0ms)
			RebuildScriptCaches (43ms)
			SetupLoadedEditorAssemblies (232ms)
				LogAssemblyErrors (0ms)
				InitializePlatformSupportModulesInManaged (5ms)
				SetLoadedEditorAssemblies (0ms)
				RefreshPlugins (56ms)
				BeforeProcessingInitializeOnLoad (20ms)
				ProcessInitializeOnLoadAttributes (112ms)
				ProcessInitializeOnLoadMethodAttributes (39ms)
				AfterProcessingInitializeOnLoad (0ms)
				EditorAssembliesLoaded (0ms)
			ExecutionOrderSort2 (0ms)
			AwakeInstancesAfterBackupRestoration (0ms)
Platform modules already initialized, skipping
Registering precompiled user dll's ...
Registered in 0.013139 seconds.
Begin MonoManager ReloadAssembly
Native extension for WindowsStandalone target not found
Native extension for WebGL target not found
Refreshing native plugins compatible for Editor in 53.93 ms, found 10 plugins.
Preloading 1 native plugins for Editor in 0.28 ms.
[XR] OculusXRPlugin: registering subsystems
[XR] Unable to register display lifecyle provider: [1]
[XR] Oculus Input lifecycle provider registered.
[XR] Unable to register input lifecyle provider: [1]
System.Reflection.TargetInvocationException: Exception has been thrown by the target of an invocation. ---> System.NullReferenceException: Object reference not set to an instance of an object
  at Unity.XR.Oculus.OculusLoader.AssetPathToAbsolutePath (System.String assetPath) [0x00048] in C:\Users\simone.latin\Desktop\Progetti\3D\Unity\Lezione 1\Library\PackageCache\com.unity.xr.oculus@1.11.0\Runtime\OculusLoader.cs:250 
  at Unity.XR.Oculus.OculusLoader.EditorLoadOVRPlugin () [0x0007b] in C:\Users\simone.latin\Desktop\Progetti\3D\Unity\Lezione 1\Library\PackageCache\com.unity.xr.oculus@1.11.0\Runtime\OculusLoader.cs:235 
  at (wrapper managed-to-native) System.Reflection.MonoMethod.InternalInvoke(System.Reflection.MonoMethod,object,object[],System.Exception&)
  at System.Reflection.MonoMethod.Invoke (System.Object obj, System.Reflection.BindingFlags invokeAttr, System.Reflection.Binder binder, System.Object[] parameters, System.Globalization.CultureInfo culture) [0x00032] in <695d1cc93cca45069c528c15c9fdd749>:0 
   --- End of inner exception stack trace ---
  at System.Reflection.MonoMethod.Invoke (System.Object obj, System.Reflection.BindingFlags invokeAttr, System.Reflection.Binder binder, System.Object[] parameters, System.Globalization.CultureInfo culture) [0x00048] in <695d1cc93cca45069c528c15c9fdd749>:0 
  at System.Reflection.MethodBase.Invoke (System.Object obj, System.Object[] parameters) [0x00000] in <695d1cc93cca45069c528c15c9fdd749>:0 
  at UnityEditor.EditorAssemblies.ProcessInitializeOnLoadMethodAttributes () [0x00047] in <ad50112e30b445fdbf80d5814c3cbcf6>:0 
UnityEngine.StackTraceUtility:ExtractStackTrace ()
UnityEngine.DebugLogHandler:LogFormat (UnityEngine.LogType,UnityEngine.Object,string,object[])
UnityEngine.Logger:Log (UnityEngine.LogType,object)
UnityEngine.Debug:LogError (object)
UnityEditor.EditorAssemblies:ProcessInitializeOnLoadMethodAttributes ()

Mono: successfully reloaded assembly
- Completed reload, in  1.660 seconds
Domain Reload Profiling:
	ReloadAssembly (1661ms)
		BeginReloadAssembly (194ms)
			ExecutionOrderSort (0ms)
			DisableScriptedObjects (6ms)
			BackupInstance (0ms)
			ReleaseScriptingObjects (0ms)
			CreateAndSetChildDomain (24ms)
		EndReloadAssembly (1381ms)
			LoadAssemblies (125ms)
			RebuildTransferFunctionScriptingTraits (0ms)
			SetupTypeCache (405ms)
			ReleaseScriptCaches (0ms)
			RebuildScriptCaches (62ms)
			SetupLoadedEditorAssemblies (598ms)
				LogAssemblyErrors (0ms)
				InitializePlatformSupportModulesInManaged (5ms)
				SetLoadedEditorAssemblies (0ms)
				RefreshPlugins (54ms)
				BeforeProcessingInitializeOnLoad (114ms)
				ProcessInitializeOnLoadAttributes (390ms)
				ProcessInitializeOnLoadMethodAttributes (24ms)
				AfterProcessingInitializeOnLoad (10ms)
				EditorAssembliesLoaded (0ms)
			ExecutionOrderSort2 (0ms)
			AwakeInstancesAfterBackupRestoration (8ms)
Platform modules already initialized, skipping
========================================================================
Worker process is ready to serve import requests
Launched and connected shader compiler UnityShaderCompiler.exe after 0.06 seconds
Refreshing native plugins compatible for Editor in 0.75 ms, found 10 plugins.
Preloading 1 native plugins for Editor in 0.10 ms.
Unloading 2022 Unused Serialized files (Serialized files now loaded: 0)
System memory in use before: 89.7 MB.
System memory in use after: 89.6 MB.

Unloading 42 unused Assets to reduce memory usage. Loaded Objects now: 2468.
Total: 3.974100 ms (FindLiveObjects: 0.203800 ms CreateObjectMapping: 0.084600 ms MarkObjects: 3.580500 ms  DeleteObjects: 0.103900 ms)

AssetImportParameters requested are different than current active one (requested -> active):
  custom:framework-win-MediaFoundation: 216162199b28c13a410421893ffa2e32 -> 
  custom:video-decoder-ogg-theora: a1e56fd34408186e4bbccfd4996cb3dc -> 
  custom:container-muxer-webm: aa71ff27fc2769a1b78a27578f13a17b -> 
  custom:container-demuxer-webm: 4f35f7cbe854078d1ac9338744f61a02 -> 
  custom:container-demuxer-ogg: 62fdf1f143b41e24485cea50d1cbac27 -> 
  custom:video-encoder-webm-vp8: eb34c28f22e8b96e1ab97ce403110664 -> 
  custom:video-decoder-webm-vp8: 9c59270c3fd7afecdb556c50c9e8de78 -> 
  custom:audio-decoder-ogg-vorbis: bf7c407c2cedff20999df2af8eb42d56 -> 
  custom:audio-encoder-webm-vorbis: bf7c407c2cedff20999df2af8eb42d56 -> 
========================================================================
Received Import Request.
  path: Assets/WebGLTemplates/WebXR
  artifactKey: Guid(d47b4f48dddd141d99646e11e904db6b) Importer(815301076,1909f56bfc062723c751e8b465ee728b)
Start importing Assets/WebGLTemplates/WebXR using Guid(d47b4f48dddd141d99646e11e904db6b) Importer(815301076,1909f56bfc062723c751e8b465ee728b)  -> (artifact id: '4a1cf3e8ada0c99125e1a66c808861d9') in 0.013292 seconds 
  Import took 0.017174 seconds .

========================================================================
Received Import Request.
  Time since last request: 28.273691 seconds.
  path: Assets/Samples/XR Plugin Management
  artifactKey: Guid(6c519567b7c50d340964c8b9c0f48a0d) Importer(815301076,1909f56bfc062723c751e8b465ee728b)
Start importing Assets/Samples/XR Plugin Management using Guid(6c519567b7c50d340964c8b9c0f48a0d) Importer(815301076,1909f56bfc062723c751e8b465ee728b)  -> (artifact id: 'b749201ca9e28c84a69c2fb498e074c5') in 0.017405 seconds 
  Import took 0.022998 seconds .

========================================================================
Received Import Request.
  Time since last request: 1.050287 seconds.
  path: Assets/Samples/XR Plugin Management/4.1.0
  artifactKey: Guid(e6b2778416e0bfc4b8c8e146716444cc) Importer(815301076,1909f56bfc062723c751e8b465ee728b)
Start importing Assets/Samples/XR Plugin Management/4.1.0 using Guid(e6b2778416e0bfc4b8c8e146716444cc) Importer(815301076,1909f56bfc062723c751e8b465ee728b)  -> (artifact id: '810cfaf5bf98840017a712f1c3ffe241') in 0.012437 seconds 
  Import took 0.016383 seconds .

========================================================================
Received Import Request.
  Time since last request: 54.518466 seconds.
  path: Assets/WebXR/Config/XRLeftControllerMap.asset
  artifactKey: Guid(919e635a2f8594e238e67589592a9237) Importer(815301076,1909f56bfc062723c751e8b465ee728b)
Start importing Assets/WebXR/Config/XRLeftControllerMap.asset using Guid(919e635a2f8594e238e67589592a9237) Importer(815301076,1909f56bfc062723c751e8b465ee728b)  -> (artifact id: '5b6802ca696cc4beb47eef9634a2d7c0') in 0.043189 seconds 
  Import took 0.047947 seconds .

========================================================================
Received Import Request.
  Time since last request: 0.000314 seconds.
  path: Assets/WebXR/Config/XRRightControllerMap.asset
  artifactKey: Guid(409615e2e46484590bdce5671a77c08b) Importer(815301076,1909f56bfc062723c751e8b465ee728b)
Start importing Assets/WebXR/Config/XRRightControllerMap.asset using Guid(409615e2e46484590bdce5671a77c08b) Importer(815301076,1909f56bfc062723c751e8b465ee728b)  -> (artifact id: 'adf55155f175464bbb75546c9032fb03') in 0.019209 seconds 
  Import took 0.023212 seconds .

========================================================================
Received Import Request.
  Time since last request: 0.904958 seconds.
  path: Assets/WebXR/Materials/Hands.mat
  artifactKey: Guid(9cc560093ff884f819706e25b18c46e2) Importer(815301076,1909f56bfc062723c751e8b465ee728b)
Start importing Assets/WebXR/Materials/Hands.mat using Guid(9cc560093ff884f819706e25b18c46e2) Importer(815301076,1909f56bfc062723c751e8b465ee728b)  -> (artifact id: '13f08288c84e2b4288616eedaa353d5c') in 0.103355 seconds 
  Import took 0.108239 seconds .

========================================================================
Received Import Request.
  Time since last request: 0.824982 seconds.
  path: Assets/WebXR/Models/handL.dae
  artifactKey: Guid(013217fcf4bba4f3380d9159876fa8ea) Importer(815301076,1909f56bfc062723c751e8b465ee728b)
Start importing Assets/WebXR/Models/handL.dae using Guid(013217fcf4bba4f3380d9159876fa8ea) Importer(815301076,1909f56bfc062723c751e8b465ee728b)  -> (artifact id: '799041ddd230d6c256767010beb67ef6') in 0.327655 seconds 
  Import took 0.333114 seconds .

========================================================================
Received Import Request.
  Time since last request: 0.000388 seconds.
  path: Assets/WebXR/Models/handR.dae
  artifactKey: Guid(c99aacc3accab4fdaadab5e3ea13b9c7) Importer(815301076,1909f56bfc062723c751e8b465ee728b)
Start importing Assets/WebXR/Models/handR.dae using Guid(c99aacc3accab4fdaadab5e3ea13b9c7) Importer(815301076,1909f56bfc062723c751e8b465ee728b)  -> (artifact id: '9534d3a4a88f35548042eeea38718114') in 0.054679 seconds 
  Import took 0.059667 seconds .

========================================================================
Received Import Request.
  Time since last request: 10.231149 seconds.
  path: Assets/WebXR/Prefabs/WebXRCameraSet.prefab
  artifactKey: Guid(c61e4de741d37461e85f25866d1ebd31) Importer(815301076,1909f56bfc062723c751e8b465ee728b)
Start importing Assets/WebXR/Prefabs/WebXRCameraSet.prefab using Guid(c61e4de741d37461e85f25866d1ebd31) Importer(815301076,1909f56bfc062723c751e8b465ee728b)  -> (artifact id: '8333b6e10802ea5f6f9c960104a97b34') in 0.040685 seconds 
  Import took 0.045355 seconds .

========================================================================
Received Import Request.
  Time since last request: 5.611275 seconds.
  path: Assets/WebXR/Samples/Desert/DesertLightweightPipeline.asset
  artifactKey: Guid(f5b4e79189451453d89098f3e85592c7) Importer(815301076,1909f56bfc062723c751e8b465ee728b)
Start importing Assets/WebXR/Samples/Desert/DesertLightweightPipeline.asset using Guid(f5b4e79189451453d89098f3e85592c7) Importer(815301076,1909f56bfc062723c751e8b465ee728b)  -> (artifact id: '118446852744bad1db94fbe38e580a84') in 0.010992 seconds 
  Import took 0.015492 seconds .

========================================================================
Received Import Request.
  Time since last request: 3.015504 seconds.
  path: Assets/WebXR/Samples/Desert/Materials/Blue.mat
  artifactKey: Guid(f8d6f757b9e2b4c2290301f6a22ea109) Importer(815301076,1909f56bfc062723c751e8b465ee728b)
Start importing Assets/WebXR/Samples/Desert/Materials/Blue.mat using Guid(f8d6f757b9e2b4c2290301f6a22ea109) Importer(815301076,1909f56bfc062723c751e8b465ee728b)  -> (artifact id: '6577e62335e01dc51973d060185ad4cf') in 0.020972 seconds 
  Import took 0.026893 seconds .

========================================================================
Received Import Request.
  Time since last request: 0.000315 seconds.
  path: Assets/WebXR/Samples/Desert/Materials/Reflective.mat
  artifactKey: Guid(5b8924a643c3d485e8262dd13187586c) Importer(815301076,1909f56bfc062723c751e8b465ee728b)
Start importing Assets/WebXR/Samples/Desert/Materials/Reflective.mat using Guid(5b8924a643c3d485e8262dd13187586c) Importer(815301076,1909f56bfc062723c751e8b465ee728b)  -> (artifact id: '5fe7690488ed66d038ac37957db8f323') in 0.026223 seconds 
  Import took 0.030152 seconds .

========================================================================
Received Import Request.
  Time since last request: 0.000406 seconds.
  path: Assets/WebXR/Samples/Desert/Materials/WebXR.mat
  artifactKey: Guid(113631c95a2f044c49206a8a32e3bdc6) Importer(815301076,1909f56bfc062723c751e8b465ee728b)
Start importing Assets/WebXR/Samples/Desert/Materials/WebXR.mat using Guid(113631c95a2f044c49206a8a32e3bdc6) Importer(815301076,1909f56bfc062723c751e8b465ee728b)  -> (artifact id: '1055146a13a69cdcf2a91482760e391a') in 0.024000 seconds 
  Import took 0.028261 seconds .

========================================================================
Received Import Request.
  Time since last request: 0.000360 seconds.
  path: Assets/WebXR/Samples/Desert/Materials/Red.mat
  artifactKey: Guid(611da8dfdd869483bace2e70281e7b29) Importer(815301076,1909f56bfc062723c751e8b465ee728b)
Start importing Assets/WebXR/Samples/Desert/Materials/Red.mat using Guid(611da8dfdd869483bace2e70281e7b29) Importer(815301076,1909f56bfc062723c751e8b465ee728b)  -> (artifact id: 'ce05263815b91b5a22b6a1ec292e050f') in 0.024381 seconds 
  Import took 0.028278 seconds .

========================================================================
Received Import Request.
  Time since last request: 0.000264 seconds.
  path: Assets/WebXR/Samples/Desert/Materials/SkyBox.mat
  artifactKey: Guid(d962ad65dd48449f895f64c61616bd9a) Importer(815301076,1909f56bfc062723c751e8b465ee728b)
Start importing Assets/WebXR/Samples/Desert/Materials/SkyBox.mat using Guid(d962ad65dd48449f895f64c61616bd9a) Importer(815301076,1909f56bfc062723c751e8b465ee728b)  -> (artifact id: 'ecf152092ae864a15969006b05752a23') in 0.160682 seconds 
  Import took 0.164375 seconds .

========================================================================
Received Import Request.
  Time since last request: 4.903830 seconds.
  path: Assets/WebXR/Samples/Desert/Models/cactus/Saguaro.obj
  artifactKey: Guid(7e57e26a714804d3c9f1baa605131856) Importer(815301076,1909f56bfc062723c751e8b465ee728b)
Start importing Assets/WebXR/Samples/Desert/Models/cactus/Saguaro.obj using Guid(7e57e26a714804d3c9f1baa605131856) Importer(815301076,1909f56bfc062723c751e8b465ee728b)  -> (artifact id: 'de537d1617f7cbb2cbeef7b2e54e02aa') in 0.109371 seconds 
  Import took 0.115794 seconds .

========================================================================
Received Import Request.
  Time since last request: 0.000394 seconds.
  path: Assets/WebXR/Samples/Desert/Models/cactus/Saguaro_BaseColor.png
  artifactKey: Guid(93e277e84b7d44e2c9ec59393b69cfd1) Importer(815301076,1909f56bfc062723c751e8b465ee728b)
Start importing Assets/WebXR/Samples/Desert/Models/cactus/Saguaro_BaseColor.png using Guid(93e277e84b7d44e2c9ec59393b69cfd1) Importer(815301076,1909f56bfc062723c751e8b465ee728b)  -> (artifact id: '6f6c42fe985041f0876b833c6c1e0789') in 0.138842 seconds 
  Import took 0.144108 seconds .

========================================================================
Received Import Request.
  Time since last request: 2.915409 seconds.
  path: Assets/WebXR/Samples/Desert/Models/cactus/Materials/Saguaro_BaseColor 1.mat
  artifactKey: Guid(314aeec064402487781f0c4bbfbcc281) Importer(815301076,1909f56bfc062723c751e8b465ee728b)
Start importing Assets/WebXR/Samples/Desert/Models/cactus/Materials/Saguaro_BaseColor 1.mat using Guid(314aeec064402487781f0c4bbfbcc281) Importer(815301076,1909f56bfc062723c751e8b465ee728b)  -> (artifact id: 'ff1b89b8f44e68372269c4d1f1b03296') in 0.018726 seconds 
  Import took 0.023203 seconds .

========================================================================
Received Import Request.
  Time since last request: 1.424886 seconds.
  path: Assets/WebXR/Samples/Desert/Models/Desert Environment/desert-environment.obj
  artifactKey: Guid(55a05d7345e094dee9a176728bb6070f) Importer(815301076,1909f56bfc062723c751e8b465ee728b)
Start importing Assets/WebXR/Samples/Desert/Models/Desert Environment/desert-environment.obj using Guid(55a05d7345e094dee9a176728bb6070f) Importer(815301076,1909f56bfc062723c751e8b465ee728b)  -> (artifact id: '58b34c1612f66c4dc0fa60c0a5174c81') in 0.044677 seconds 
  Import took 0.049055 seconds .

========================================================================
Received Import Request.
  Time since last request: 1.758997 seconds.
  path: Assets/WebXR/Samples/Desert/Models/pipeorgancactus/PipeOrganCactus.obj
  artifactKey: Guid(2b0960a38d49646e59e2a4b209a0ef93) Importer(815301076,1909f56bfc062723c751e8b465ee728b)
Start importing Assets/WebXR/Samples/Desert/Models/pipeorgancactus/PipeOrganCactus.obj using Guid(2b0960a38d49646e59e2a4b209a0ef93) Importer(815301076,1909f56bfc062723c751e8b465ee728b)  -> (artifact id: '594774a3bfb960f392359fe671f23806') in 0.046128 seconds 
  Import took 0.052452 seconds .

========================================================================
Received Import Request.
  Time since last request: 0.000316 seconds.
  path: Assets/WebXR/Samples/Desert/Models/pipeorgancactus/PipeOrganCactus_BaseColor.png
  artifactKey: Guid(63be4fa0e42a445c9a40e52e86f08d4a) Importer(815301076,1909f56bfc062723c751e8b465ee728b)
Start importing Assets/WebXR/Samples/Desert/Models/pipeorgancactus/PipeOrganCactus_BaseColor.png using Guid(63be4fa0e42a445c9a40e52e86f08d4a) Importer(815301076,1909f56bfc062723c751e8b465ee728b)  -> (artifact id: '9fa39c2ef02a19e14c4abad49ff16926') in 0.118437 seconds 
  Import took 0.123218 seconds .

========================================================================
Received Import Request.
  Time since last request: 1.863882 seconds.
  path: Assets/WebXR/Samples/Desert/Models/pipeorgancactus/Materials/PipeOrganCactus_BaseColor.mat
  artifactKey: Guid(f1b40784eb7a74d759dedd0d4d43d342) Importer(815301076,1909f56bfc062723c751e8b465ee728b)
Start importing Assets/WebXR/Samples/Desert/Models/pipeorgancactus/Materials/PipeOrganCactus_BaseColor.mat using Guid(f1b40784eb7a74d759dedd0d4d43d342) Importer(815301076,1909f56bfc062723c751e8b465ee728b)  -> (artifact id: '85669c3f8927073011de2b56388db9bb') in 0.016388 seconds 
  Import took 0.021020 seconds .

========================================================================
Received Import Request.
  Time since last request: 1.274015 seconds.
  path: Assets/WebXR/Samples/Desert/PhysicMaterials/Sandy.physicMaterial
  artifactKey: Guid(d0d96a83816a94081b32b0872d323877) Importer(815301076,1909f56bfc062723c751e8b465ee728b)
Start importing Assets/WebXR/Samples/Desert/PhysicMaterials/Sandy.physicMaterial using Guid(d0d96a83816a94081b32b0872d323877) Importer(815301076,1909f56bfc062723c751e8b465ee728b)  -> (artifact id: '7ee28d878cc862b73a534965ca4db11a') in 0.012153 seconds 
  Import took 0.019283 seconds .

========================================================================
Received Import Request.
  Time since last request: 0.000312 seconds.
  path: Assets/WebXR/Samples/Desert/PhysicMaterials/Smooth.physicMaterial
  artifactKey: Guid(f8747e24841094b88b198da96b3e38fe) Importer(815301076,1909f56bfc062723c751e8b465ee728b)
Start importing Assets/WebXR/Samples/Desert/PhysicMaterials/Smooth.physicMaterial using Guid(f8747e24841094b88b198da96b3e38fe) Importer(815301076,1909f56bfc062723c751e8b465ee728b)  -> (artifact id: '70f181187b70b531c63bdc928ee87816') in 0.016150 seconds 
  Import took 0.020623 seconds .

========================================================================
Received Import Request.
  Time since last request: 1.902839 seconds.
  path: Assets/WebXR/Samples/Desert/Sounds/wind-soundscape.mp3
  artifactKey: Guid(464c907537ca8644abb9290e1322da73) Importer(815301076,1909f56bfc062723c751e8b465ee728b)
Start importing Assets/WebXR/Samples/Desert/Sounds/wind-soundscape.mp3 using Guid(464c907537ca8644abb9290e1322da73) Importer(815301076,1909f56bfc062723c751e8b465ee728b)  -> (artifact id: '3ffbb2ed6fb557a2160ec2ed75e88a45') in 0.111685 seconds 
  Import took 0.115926 seconds .

========================================================================
Received Import Request.
  Time since last request: 0.709955 seconds.
  path: Assets/WebXR/Samples/Desert/Textures/foxr_tex.jpg
  artifactKey: Guid(c7bc27a63752c421fbbd723448928edf) Importer(815301076,1909f56bfc062723c751e8b465ee728b)
Start importing Assets/WebXR/Samples/Desert/Textures/foxr_tex.jpg using Guid(c7bc27a63752c421fbbd723448928edf) Importer(815301076,1909f56bfc062723c751e8b465ee728b)  -> (artifact id: 'acd83115f2543c4439ab16ae83a87d2b') in 0.083442 seconds 
  Import took 0.087659 seconds .

========================================================================
Received Import Request.
  Time since last request: 0.000329 seconds.
  path: Assets/WebXR/Samples/Desert/Textures/webxr-logo-square.png
  artifactKey: Guid(1157efd92081b46c3abeb7996daf4436) Importer(815301076,1909f56bfc062723c751e8b465ee728b)
Start importing Assets/WebXR/Samples/Desert/Textures/webxr-logo-square.png using Guid(1157efd92081b46c3abeb7996daf4436) Importer(815301076,1909f56bfc062723c751e8b465ee728b)  -> (artifact id: '6d23b3635c4dbd03f447039459a748a3') in 0.094237 seconds 
  Import took 0.115481 seconds .

========================================================================
Received Import Request.
  Time since last request: 15.196810 seconds.
  path: Assets/Editor/Builder.cs
  artifactKey: Guid(b2fc5438e82163d46ac6581351000224) Importer(815301076,1909f56bfc062723c751e8b465ee728b)
Start importing Assets/Editor/Builder.cs using Guid(b2fc5438e82163d46ac6581351000224) Importer(815301076,1909f56bfc062723c751e8b465ee728b)  -> (artifact id: '42cfc7d26968796c60f5378714a1fd8b') in 0.019186 seconds 
  Import took 0.022856 seconds .

========================================================================
Received Import Request.
  Time since last request: 264.044995 seconds.
  path: Assets/WebXR/Scripts/WebXR.asmdef
  artifactKey: Guid(13e84aeb609bf472ca773e87abfcaa32) Importer(815301076,1909f56bfc062723c751e8b465ee728b)
Start importing Assets/WebXR/Scripts/WebXR.asmdef using Guid(13e84aeb609bf472ca773e87abfcaa32) Importer(815301076,1909f56bfc062723c751e8b465ee728b)  -> (artifact id: 'cd327069e7b6a8019003cf5157d57430') in 0.011179 seconds 
  Import took 0.015704 seconds .

========================================================================
Received Import Request.
  Time since last request: 17.132502 seconds.
  path: Assets/XR/Loaders/Sample Loader.asset
  artifactKey: Guid(a13492953f7ff094db8bcd11a8c893bc) Importer(815301076,1909f56bfc062723c751e8b465ee728b)
Start importing Assets/XR/Loaders/Sample Loader.asset using Guid(a13492953f7ff094db8bcd11a8c893bc) Importer(815301076,1909f56bfc062723c751e8b465ee728b)  -> (artifact id: '7dab6cd4475b9002ba4dd9c8903c7872') in 0.013155 seconds 
  Import took 0.017100 seconds .

========================================================================
Received Import Request.
  Time since last request: 0.599987 seconds.
  path: Assets/XR/Settings/Open XR Package Settings.asset
  artifactKey: Guid(d406fb0f9fadb194d83ed1b4330f721c) Importer(815301076,1909f56bfc062723c751e8b465ee728b)
Start importing Assets/XR/Settings/Open XR Package Settings.asset using Guid(d406fb0f9fadb194d83ed1b4330f721c) Importer(815301076,1909f56bfc062723c751e8b465ee728b)  -> (artifact id: 'ac85c55ce006f8a0100a519e1b82f30a') in 0.011200 seconds 
  Import took 0.015501 seconds .

========================================================================
Received Import Request.
  Time since last request: 0.000383 seconds.
  path: Assets/XR/Settings/Sample Settings.asset
  artifactKey: Guid(6ab323020e4b0c3469e96fbd65d88846) Importer(815301076,1909f56bfc062723c751e8b465ee728b)
Start importing Assets/XR/Settings/Sample Settings.asset using Guid(6ab323020e4b0c3469e96fbd65d88846) Importer(815301076,1909f56bfc062723c751e8b465ee728b)  -> (artifact id: '19231ca2f76938de9e37c2fd9d316d42') in 0.014745 seconds 
  Import took 0.019153 seconds .

========================================================================
Received Import Request.
  Time since last request: 243.169781 seconds.
  path: Assets/ForwardRenderer.asset
  artifactKey: Guid(53a1781cc9a32451a98ed8594b363815) Importer(815301076,1909f56bfc062723c751e8b465ee728b)
Start importing Assets/ForwardRenderer.asset using Guid(53a1781cc9a32451a98ed8594b363815) Importer(815301076,1909f56bfc062723c751e8b465ee728b)  -> (artifact id: 'e9073728e15bc53547f82c0d0ccf542c') in 0.011615 seconds 
  Import took 0.016313 seconds .

AssetImportWorkerClient::OnTransportError - code=2 error=End of file
